<?xml version="1.0" encoding="UTF-8"?>
<!-- Generated by org.testng.reporters.JUnitXMLReporter -->
<testsuite ignored="0" hostname="SITERO-HCBWMZ3" failures="4" tests="4" name="Surefire test" time="196.432" errors="0" timestamp="2026-02-13T18:13:37 UTC">
  <testcase classname="io.cucumber.testng.AbstractTestNGCucumberTests" name="runScenario" time="45.852">
    <failure type="com.microsoft.playwright.TimeoutError" message="Error {
  message=&amp;apos;Timeout 30000ms exceeded.
  name=&amp;apos;TimeoutError
  stack=&amp;apos;TimeoutError: Timeout 30000ms exceeded.
    at ProgressController.run (C:\Users\SHIRIS~1\AppData\Local\Temp\playwright-java-868987840816986776\package\lib\server\progress.js:68:28)
    at FrameDispatcher._runCommand (C:\Users\SHIRIS~1\AppData\Local\Temp\playwright-java-868987840816986776\package\lib\server\dispatchers\dispatcher.js:95:31)
    at DispatcherConnection.dispatch (C:\Users\SHIRIS~1\AppData\Local\Temp\playwright-java-868987840816986776\package\lib\server\dispatchers\dispatcher.js:329:39)
}
Call log:
-   - waiting for locator(&amp;quot;#username&amp;quot;)
">
      <![CDATA[com.microsoft.playwright.TimeoutError: Error {
  message='Timeout 30000ms exceeded.
  name='TimeoutError
  stack='TimeoutError: Timeout 30000ms exceeded.
    at ProgressController.run (C:\Users\SHIRIS~1\AppData\Local\Temp\playwright-java-868987840816986776\package\lib\server\progress.js:68:28)
    at FrameDispatcher._runCommand (C:\Users\SHIRIS~1\AppData\Local\Temp\playwright-java-868987840816986776\package\lib\server\dispatchers\dispatcher.js:95:31)
    at DispatcherConnection.dispatch (C:\Users\SHIRIS~1\AppData\Local\Temp\playwright-java-868987840816986776\package\lib\server\dispatchers\dispatcher.js:329:39)
}
Call log:
-   - waiting for locator("#username")

at com.microsoft.playwright.impl.WaitableResult.get(WaitableResult.java:52)
at com.microsoft.playwright.impl.ChannelOwner.runUntil(ChannelOwner.java:138)
at com.microsoft.playwright.impl.Connection.sendMessage(Connection.java:131)
at com.microsoft.playwright.impl.ChannelOwner.sendMessage(ChannelOwner.java:124)
at com.microsoft.playwright.impl.FrameImpl.fill(FrameImpl.java:310)
at com.microsoft.playwright.impl.PageImpl.fill(PageImpl.java:766)
at com.microsoft.playwright.Page.fill(Page.java:4745)
at com.cro.playwright.SessionManager.createOrReuse(SessionManager.java:76)
at steps.LoginSteps.i_login_as_role(LoginSteps.java:19)
at ✽.I login as role "editor"(classpath:features/SystemConfiguration/system_configuration.feature:23)
Caused by: com.microsoft.playwright.TimeoutError: Error {
  message='Timeout 30000ms exceeded.
  name='TimeoutError
  stack='TimeoutError: Timeout 30000ms exceeded.
    at ProgressController.run (C:\Users\SHIRIS~1\AppData\Local\Temp\playwright-java-868987840816986776\package\lib\server\progress.js:68:28)
    at FrameDispatcher._runCommand (C:\Users\SHIRIS~1\AppData\Local\Temp\playwright-java-868987840816986776\package\lib\server\dispatchers\dispatcher.js:95:31)
    at DispatcherConnection.dispatch (C:\Users\SHIRIS~1\AppData\Local\Temp\playwright-java-868987840816986776\package\lib\server\dispatchers\dispatcher.js:329:39)
}
Call log:
-   - waiting for locator("#username")

at com.microsoft.playwright.impl.Connection.dispatch(Connection.java:257)
at com.microsoft.playwright.impl.Connection.processOneMessage(Connection.java:214)
at com.microsoft.playwright.impl.ChannelOwner.runUntil(ChannelOwner.java:136)
... 8 more
]]>
    </failure>
  </testcase> <!-- runScenario -->
  <testcase classname="io.cucumber.testng.AbstractTestNGCucumberTests" name="runScenario" time="91.778">
    <failure type="com.microsoft.playwright.TimeoutError" message="Error {
  message=&amp;apos;Timeout 30000ms exceeded.
  name=&amp;apos;TimeoutError
  stack=&amp;apos;TimeoutError: Timeout 30000ms exceeded.
    at ProgressController.run (C:\Users\SHIRIS~1\AppData\Local\Temp\playwright-java-868987840816986776\package\lib\server\progress.js:68:28)
    at FrameDispatcher._runCommand (C:\Users\SHIRIS~1\AppData\Local\Temp\playwright-java-868987840816986776\package\lib\server\dispatchers\dispatcher.js:95:31)
    at DispatcherConnection.dispatch (C:\Users\SHIRIS~1\AppData\Local\Temp\playwright-java-868987840816986776\package\lib\server\dispatchers\dispatcher.js:329:39)
}
Call log:
-   - waiting for locator(&amp;quot;#username&amp;quot;)
">
      <![CDATA[com.microsoft.playwright.TimeoutError: Error {
  message='Timeout 30000ms exceeded.
  name='TimeoutError
  stack='TimeoutError: Timeout 30000ms exceeded.
    at ProgressController.run (C:\Users\SHIRIS~1\AppData\Local\Temp\playwright-java-868987840816986776\package\lib\server\progress.js:68:28)
    at FrameDispatcher._runCommand (C:\Users\SHIRIS~1\AppData\Local\Temp\playwright-java-868987840816986776\package\lib\server\dispatchers\dispatcher.js:95:31)
    at DispatcherConnection.dispatch (C:\Users\SHIRIS~1\AppData\Local\Temp\playwright-java-868987840816986776\package\lib\server\dispatchers\dispatcher.js:329:39)
}
Call log:
-   - waiting for locator("#username")

at com.microsoft.playwright.impl.WaitableResult.get(WaitableResult.java:52)
at com.microsoft.playwright.impl.ChannelOwner.runUntil(ChannelOwner.java:138)
at com.microsoft.playwright.impl.Connection.sendMessage(Connection.java:131)
at com.microsoft.playwright.impl.ChannelOwner.sendMessage(ChannelOwner.java:124)
at com.microsoft.playwright.impl.FrameImpl.fill(FrameImpl.java:310)
at com.microsoft.playwright.impl.PageImpl.fill(PageImpl.java:766)
at com.microsoft.playwright.Page.fill(Page.java:4745)
at com.cro.playwright.SessionManager.createOrReuse(SessionManager.java:76)
at steps.LoginSteps.i_login_as_role(LoginSteps.java:19)
at ✽.I login as role "deletor"(classpath:features/SystemConfiguration/system_configuration.feature:33)
Caused by: com.microsoft.playwright.TimeoutError: Error {
  message='Timeout 30000ms exceeded.
  name='TimeoutError
  stack='TimeoutError: Timeout 30000ms exceeded.
    at ProgressController.run (C:\Users\SHIRIS~1\AppData\Local\Temp\playwright-java-868987840816986776\package\lib\server\progress.js:68:28)
    at FrameDispatcher._runCommand (C:\Users\SHIRIS~1\AppData\Local\Temp\playwright-java-868987840816986776\package\lib\server\dispatchers\dispatcher.js:95:31)
    at DispatcherConnection.dispatch (C:\Users\SHIRIS~1\AppData\Local\Temp\playwright-java-868987840816986776\package\lib\server\dispatchers\dispatcher.js:329:39)
}
Call log:
-   - waiting for locator("#username")

at com.microsoft.playwright.impl.Connection.dispatch(Connection.java:257)
at com.microsoft.playwright.impl.Connection.processOneMessage(Connection.java:214)
at com.microsoft.playwright.impl.ChannelOwner.runUntil(ChannelOwner.java:136)
... 8 more
]]>
    </failure>
  </testcase> <!-- runScenario -->
  <testcase classname="io.cucumber.testng.AbstractTestNGCucumberTests" name="runScenario" time="139.136">
    <failure type="com.microsoft.playwright.TimeoutError" message="Error {
  message=&amp;apos;Timeout 30000ms exceeded.
  name=&amp;apos;TimeoutError
  stack=&amp;apos;TimeoutError: Timeout 30000ms exceeded.
    at ProgressController.run (C:\Users\SHIRIS~1\AppData\Local\Temp\playwright-java-868987840816986776\package\lib\server\progress.js:68:28)
    at FrameDispatcher._runCommand (C:\Users\SHIRIS~1\AppData\Local\Temp\playwright-java-868987840816986776\package\lib\server\dispatchers\dispatcher.js:95:31)
    at DispatcherConnection.dispatch (C:\Users\SHIRIS~1\AppData\Local\Temp\playwright-java-868987840816986776\package\lib\server\dispatchers\dispatcher.js:329:39)
}
Call log:
-   - waiting for locator(&amp;quot;#username&amp;quot;)
">
      <![CDATA[com.microsoft.playwright.TimeoutError: Error {
  message='Timeout 30000ms exceeded.
  name='TimeoutError
  stack='TimeoutError: Timeout 30000ms exceeded.
    at ProgressController.run (C:\Users\SHIRIS~1\AppData\Local\Temp\playwright-java-868987840816986776\package\lib\server\progress.js:68:28)
    at FrameDispatcher._runCommand (C:\Users\SHIRIS~1\AppData\Local\Temp\playwright-java-868987840816986776\package\lib\server\dispatchers\dispatcher.js:95:31)
    at DispatcherConnection.dispatch (C:\Users\SHIRIS~1\AppData\Local\Temp\playwright-java-868987840816986776\package\lib\server\dispatchers\dispatcher.js:329:39)
}
Call log:
-   - waiting for locator("#username")

at com.microsoft.playwright.impl.WaitableResult.get(WaitableResult.java:52)
at com.microsoft.playwright.impl.ChannelOwner.runUntil(ChannelOwner.java:138)
at com.microsoft.playwright.impl.Connection.sendMessage(Connection.java:131)
at com.microsoft.playwright.impl.ChannelOwner.sendMessage(ChannelOwner.java:124)
at com.microsoft.playwright.impl.FrameImpl.fill(FrameImpl.java:310)
at com.microsoft.playwright.impl.PageImpl.fill(PageImpl.java:766)
at com.microsoft.playwright.Page.fill(Page.java:4745)
at com.cro.playwright.SessionManager.createOrReuse(SessionManager.java:76)
at steps.LoginSteps.i_login_as_role(LoginSteps.java:19)
at ✽.I login as role "creator"(classpath:features/SystemConfiguration/system_configuration.feature:12)
Caused by: com.microsoft.playwright.TimeoutError: Error {
  message='Timeout 30000ms exceeded.
  name='TimeoutError
  stack='TimeoutError: Timeout 30000ms exceeded.
    at ProgressController.run (C:\Users\SHIRIS~1\AppData\Local\Temp\playwright-java-868987840816986776\package\lib\server\progress.js:68:28)
    at FrameDispatcher._runCommand (C:\Users\SHIRIS~1\AppData\Local\Temp\playwright-java-868987840816986776\package\lib\server\dispatchers\dispatcher.js:95:31)
    at DispatcherConnection.dispatch (C:\Users\SHIRIS~1\AppData\Local\Temp\playwright-java-868987840816986776\package\lib\server\dispatchers\dispatcher.js:329:39)
}
Call log:
-   - waiting for locator("#username")

at com.microsoft.playwright.impl.Connection.dispatch(Connection.java:257)
at com.microsoft.playwright.impl.Connection.processOneMessage(Connection.java:214)
at com.microsoft.playwright.impl.ChannelOwner.runUntil(ChannelOwner.java:136)
... 8 more
]]>
    </failure>
  </testcase> <!-- runScenario -->
  <testcase classname="io.cucumber.testng.AbstractTestNGCucumberTests" name="runScenario" time="187.338">
    <failure type="com.microsoft.playwright.TimeoutError" message="Error {
  message=&amp;apos;Timeout 30000ms exceeded.
  name=&amp;apos;TimeoutError
  stack=&amp;apos;TimeoutError: Timeout 30000ms exceeded.
    at ProgressController.run (C:\Users\SHIRIS~1\AppData\Local\Temp\playwright-java-868987840816986776\package\lib\server\progress.js:68:28)
    at FrameDispatcher._runCommand (C:\Users\SHIRIS~1\AppData\Local\Temp\playwright-java-868987840816986776\package\lib\server\dispatchers\dispatcher.js:95:31)
    at DispatcherConnection.dispatch (C:\Users\SHIRIS~1\AppData\Local\Temp\playwright-java-868987840816986776\package\lib\server\dispatchers\dispatcher.js:329:39)
}
Call log:
-   - waiting for locator(&amp;quot;#username&amp;quot;)
">
      <![CDATA[com.microsoft.playwright.TimeoutError: Error {
  message='Timeout 30000ms exceeded.
  name='TimeoutError
  stack='TimeoutError: Timeout 30000ms exceeded.
    at ProgressController.run (C:\Users\SHIRIS~1\AppData\Local\Temp\playwright-java-868987840816986776\package\lib\server\progress.js:68:28)
    at FrameDispatcher._runCommand (C:\Users\SHIRIS~1\AppData\Local\Temp\playwright-java-868987840816986776\package\lib\server\dispatchers\dispatcher.js:95:31)
    at DispatcherConnection.dispatch (C:\Users\SHIRIS~1\AppData\Local\Temp\playwright-java-868987840816986776\package\lib\server\dispatchers\dispatcher.js:329:39)
}
Call log:
-   - waiting for locator("#username")

at com.microsoft.playwright.impl.WaitableResult.get(WaitableResult.java:52)
at com.microsoft.playwright.impl.ChannelOwner.runUntil(ChannelOwner.java:138)
at com.microsoft.playwright.impl.Connection.sendMessage(Connection.java:131)
at com.microsoft.playwright.impl.ChannelOwner.sendMessage(ChannelOwner.java:124)
at com.microsoft.playwright.impl.FrameImpl.fill(FrameImpl.java:310)
at com.microsoft.playwright.impl.PageImpl.fill(PageImpl.java:766)
at com.microsoft.playwright.Page.fill(Page.java:4745)
at com.cro.playwright.SessionManager.createOrReuse(SessionManager.java:76)
at steps.LoginSteps.i_login_as_role(LoginSteps.java:19)
at ✽.I login as role "viewer"(classpath:features/SystemConfiguration/system_configuration.feature:44)
Caused by: com.microsoft.playwright.TimeoutError: Error {
  message='Timeout 30000ms exceeded.
  name='TimeoutError
  stack='TimeoutError: Timeout 30000ms exceeded.
    at ProgressController.run (C:\Users\SHIRIS~1\AppData\Local\Temp\playwright-java-868987840816986776\package\lib\server\progress.js:68:28)
    at FrameDispatcher._runCommand (C:\Users\SHIRIS~1\AppData\Local\Temp\playwright-java-868987840816986776\package\lib\server\dispatchers\dispatcher.js:95:31)
    at DispatcherConnection.dispatch (C:\Users\SHIRIS~1\AppData\Local\Temp\playwright-java-868987840816986776\package\lib\server\dispatchers\dispatcher.js:329:39)
}
Call log:
-   - waiting for locator("#username")

at com.microsoft.playwright.impl.Connection.dispatch(Connection.java:257)
at com.microsoft.playwright.impl.Connection.processOneMessage(Connection.java:214)
at com.microsoft.playwright.impl.ChannelOwner.runUntil(ChannelOwner.java:136)
... 8 more
]]>
    </failure>
  </testcase> <!-- runScenario -->
</testsuite> <!-- Surefire test -->
