<?xml version="1.0" encoding="UTF-8"?>
<!-- Generated by org.testng.reporters.JUnitXMLReporter -->
<testsuite ignored="0" hostname="SITERO-HCBWMZ3" failures="0" tests="0" name="Surefire test" time="1.08" errors="0" timestamp="2026-02-13T12:36:02 UTC">
  <testcase classname="io.cucumber.testng.AbstractTestNGCucumberTests" name="@BeforeClass setUpClass" time="1.026">
    <failure type="java.lang.RuntimeException" message="Missing property: browser">
      <![CDATA[java.lang.RuntimeException: Missing property: browser
at com.cro.config.PropertiesLoader.get(PropertiesLoader.java:54)
at com.cro.config.PropertiesLoader.getBrowser(PropertiesLoader.java:59)
at com.cro.hooks.GlobalHooks.beforeAll(GlobalHooks.java:13)
]]>
    </failure>
  </testcase> <!-- @BeforeClass setUpClass -->
</testsuite> <!-- Surefire test -->
