-------------------------------------------------------------------------------
Test set: runners.RunCucumberTest
-------------------------------------------------------------------------------
Tests run: 1, Failures: 1, Errors: 0, Skipped: 0, Time elapsed: 2.112 s <<< FAILURE! -- in runners.RunCucumberTest
runners.RunCucumberTest.setUpClass[org.testng.TestRunner@3a60c416](0) -- Time elapsed: 1.944 s <<< FAILURE!
java.lang.RuntimeException: Missing property: browser
	at com.cro.config.PropertiesLoader.get(PropertiesLoader.java:54)
	at com.cro.config.PropertiesLoader.getBrowser(PropertiesLoader.java:59)
	at com.cro.hooks.GlobalHooks.beforeAll(GlobalHooks.java:13)

