-------------------------------------------------------------------------------
Test set: runners.RunCucumberTest
-------------------------------------------------------------------------------
Tests run: 4, Failures: 4, Errors: 0, Skipped: 0, Time elapsed: 197.5 s <<< FAILURE! -- in runners.RunCucumberTest
runners.RunCucumberTest.runScenario["User with edit role able to edit an existing country", "System configuration page"](1) -- Time elapsed: 45.87 s <<< FAILURE!
com.microsoft.playwright.TimeoutError: 
Error {
  message='Timeout 30000ms exceeded.
  name='TimeoutError
  stack='TimeoutError: Timeout 30000ms exceeded.
    at ProgressController.run (C:\Users\SHIRIS~1\AppData\Local\Temp\playwright-java-868987840816986776\package\lib\server\progress.js:68:28)
    at FrameDispatcher._runCommand (C:\Users\SHIRIS~1\AppData\Local\Temp\playwright-java-868987840816986776\package\lib\server\dispatchers\dispatcher.js:95:31)
    at DispatcherConnection.dispatch (C:\Users\SHIRIS~1\AppData\Local\Temp\playwright-java-868987840816986776\package\lib\server\dispatchers\dispatcher.js:329:39)
}
Call log:
-   - waiting for locator("#username")

	at com.microsoft.playwright.impl.WaitableResult.get(WaitableResult.java:52)
	at com.microsoft.playwright.impl.ChannelOwner.runUntil(ChannelOwner.java:138)
	at com.microsoft.playwright.impl.Connection.sendMessage(Connection.java:131)
	at com.microsoft.playwright.impl.ChannelOwner.sendMessage(ChannelOwner.java:124)
	at com.microsoft.playwright.impl.FrameImpl.fill(FrameImpl.java:310)
	at com.microsoft.playwright.impl.PageImpl.fill(PageImpl.java:766)
	at com.microsoft.playwright.Page.fill(Page.java:4745)
	at com.cro.playwright.SessionManager.createOrReuse(SessionManager.java:76)
	at steps.LoginSteps.i_login_as_role(LoginSteps.java:19)
	at ✽.I login as role "editor"(classpath:features/SystemConfiguration/system_configuration.feature:23)
Caused by: com.microsoft.playwright.TimeoutError: Error {
  message='Timeout 30000ms exceeded.
  name='TimeoutError
  stack='TimeoutError: Timeout 30000ms exceeded.
    at ProgressController.run (C:\Users\SHIRIS~1\AppData\Local\Temp\playwright-java-868987840816986776\package\lib\server\progress.js:68:28)
    at FrameDispatcher._runCommand (C:\Users\SHIRIS~1\AppData\Local\Temp\playwright-java-868987840816986776\package\lib\server\dispatchers\dispatcher.js:95:31)
    at DispatcherConnection.dispatch (C:\Users\SHIRIS~1\AppData\Local\Temp\playwright-java-868987840816986776\package\lib\server\dispatchers\dispatcher.js:329:39)
}
Call log:
-   - waiting for locator("#username")

	at com.microsoft.playwright.impl.Connection.dispatch(Connection.java:257)
	at com.microsoft.playwright.impl.Connection.processOneMessage(Connection.java:214)
	at com.microsoft.playwright.impl.ChannelOwner.runUntil(ChannelOwner.java:136)
	... 8 more

runners.RunCucumberTest.runScenario["User with delete role able to edit an existing country", "System configuration page"](2) -- Time elapsed: 91.78 s <<< FAILURE!
com.microsoft.playwright.TimeoutError: 
Error {
  message='Timeout 30000ms exceeded.
  name='TimeoutError
  stack='TimeoutError: Timeout 30000ms exceeded.
    at ProgressController.run (C:\Users\SHIRIS~1\AppData\Local\Temp\playwright-java-868987840816986776\package\lib\server\progress.js:68:28)
    at FrameDispatcher._runCommand (C:\Users\SHIRIS~1\AppData\Local\Temp\playwright-java-868987840816986776\package\lib\server\dispatchers\dispatcher.js:95:31)
    at DispatcherConnection.dispatch (C:\Users\SHIRIS~1\AppData\Local\Temp\playwright-java-868987840816986776\package\lib\server\dispatchers\dispatcher.js:329:39)
}
Call log:
-   - waiting for locator("#username")

	at com.microsoft.playwright.impl.WaitableResult.get(WaitableResult.java:52)
	at com.microsoft.playwright.impl.ChannelOwner.runUntil(ChannelOwner.java:138)
	at com.microsoft.playwright.impl.Connection.sendMessage(Connection.java:131)
	at com.microsoft.playwright.impl.ChannelOwner.sendMessage(ChannelOwner.java:124)
	at com.microsoft.playwright.impl.FrameImpl.fill(FrameImpl.java:310)
	at com.microsoft.playwright.impl.PageImpl.fill(PageImpl.java:766)
	at com.microsoft.playwright.Page.fill(Page.java:4745)
	at com.cro.playwright.SessionManager.createOrReuse(SessionManager.java:76)
	at steps.LoginSteps.i_login_as_role(LoginSteps.java:19)
	at ✽.I login as role "deletor"(classpath:features/SystemConfiguration/system_configuration.feature:33)
Caused by: com.microsoft.playwright.TimeoutError: Error {
  message='Timeout 30000ms exceeded.
  name='TimeoutError
  stack='TimeoutError: Timeout 30000ms exceeded.
    at ProgressController.run (C:\Users\SHIRIS~1\AppData\Local\Temp\playwright-java-868987840816986776\package\lib\server\progress.js:68:28)
    at FrameDispatcher._runCommand (C:\Users\SHIRIS~1\AppData\Local\Temp\playwright-java-868987840816986776\package\lib\server\dispatchers\dispatcher.js:95:31)
    at DispatcherConnection.dispatch (C:\Users\SHIRIS~1\AppData\Local\Temp\playwright-java-868987840816986776\package\lib\server\dispatchers\dispatcher.js:329:39)
}
Call log:
-   - waiting for locator("#username")

	at com.microsoft.playwright.impl.Connection.dispatch(Connection.java:257)
	at com.microsoft.playwright.impl.Connection.processOneMessage(Connection.java:214)
	at com.microsoft.playwright.impl.ChannelOwner.runUntil(ChannelOwner.java:136)
	... 8 more

runners.RunCucumberTest.runScenario["User with create role able to add a new country with active status", "System configuration page"](3) -- Time elapsed: 139.1 s <<< FAILURE!
com.microsoft.playwright.TimeoutError: 
Error {
  message='Timeout 30000ms exceeded.
  name='TimeoutError
  stack='TimeoutError: Timeout 30000ms exceeded.
    at ProgressController.run (C:\Users\SHIRIS~1\AppData\Local\Temp\playwright-java-868987840816986776\package\lib\server\progress.js:68:28)
    at FrameDispatcher._runCommand (C:\Users\SHIRIS~1\AppData\Local\Temp\playwright-java-868987840816986776\package\lib\server\dispatchers\dispatcher.js:95:31)
    at DispatcherConnection.dispatch (C:\Users\SHIRIS~1\AppData\Local\Temp\playwright-java-868987840816986776\package\lib\server\dispatchers\dispatcher.js:329:39)
}
Call log:
-   - waiting for locator("#username")

	at com.microsoft.playwright.impl.WaitableResult.get(WaitableResult.java:52)
	at com.microsoft.playwright.impl.ChannelOwner.runUntil(ChannelOwner.java:138)
	at com.microsoft.playwright.impl.Connection.sendMessage(Connection.java:131)
	at com.microsoft.playwright.impl.ChannelOwner.sendMessage(ChannelOwner.java:124)
	at com.microsoft.playwright.impl.FrameImpl.fill(FrameImpl.java:310)
	at com.microsoft.playwright.impl.PageImpl.fill(PageImpl.java:766)
	at com.microsoft.playwright.Page.fill(Page.java:4745)
	at com.cro.playwright.SessionManager.createOrReuse(SessionManager.java:76)
	at steps.LoginSteps.i_login_as_role(LoginSteps.java:19)
	at ✽.I login as role "creator"(classpath:features/SystemConfiguration/system_configuration.feature:12)
Caused by: com.microsoft.playwright.TimeoutError: Error {
  message='Timeout 30000ms exceeded.
  name='TimeoutError
  stack='TimeoutError: Timeout 30000ms exceeded.
    at ProgressController.run (C:\Users\SHIRIS~1\AppData\Local\Temp\playwright-java-868987840816986776\package\lib\server\progress.js:68:28)
    at FrameDispatcher._runCommand (C:\Users\SHIRIS~1\AppData\Local\Temp\playwright-java-868987840816986776\package\lib\server\dispatchers\dispatcher.js:95:31)
    at DispatcherConnection.dispatch (C:\Users\SHIRIS~1\AppData\Local\Temp\playwright-java-868987840816986776\package\lib\server\dispatchers\dispatcher.js:329:39)
}
Call log:
-   - waiting for locator("#username")

	at com.microsoft.playwright.impl.Connection.dispatch(Connection.java:257)
	at com.microsoft.playwright.impl.Connection.processOneMessage(Connection.java:214)
	at com.microsoft.playwright.impl.ChannelOwner.runUntil(ChannelOwner.java:136)
	... 8 more

runners.RunCucumberTest.runScenario["User with view role able to edit an existing country", "System configuration page"](4) -- Time elapsed: 187.3 s <<< FAILURE!
com.microsoft.playwright.TimeoutError: 
Error {
  message='Timeout 30000ms exceeded.
  name='TimeoutError
  stack='TimeoutError: Timeout 30000ms exceeded.
    at ProgressController.run (C:\Users\SHIRIS~1\AppData\Local\Temp\playwright-java-868987840816986776\package\lib\server\progress.js:68:28)
    at FrameDispatcher._runCommand (C:\Users\SHIRIS~1\AppData\Local\Temp\playwright-java-868987840816986776\package\lib\server\dispatchers\dispatcher.js:95:31)
    at DispatcherConnection.dispatch (C:\Users\SHIRIS~1\AppData\Local\Temp\playwright-java-868987840816986776\package\lib\server\dispatchers\dispatcher.js:329:39)
}
Call log:
-   - waiting for locator("#username")

	at com.microsoft.playwright.impl.WaitableResult.get(WaitableResult.java:52)
	at com.microsoft.playwright.impl.ChannelOwner.runUntil(ChannelOwner.java:138)
	at com.microsoft.playwright.impl.Connection.sendMessage(Connection.java:131)
	at com.microsoft.playwright.impl.ChannelOwner.sendMessage(ChannelOwner.java:124)
	at com.microsoft.playwright.impl.FrameImpl.fill(FrameImpl.java:310)
	at com.microsoft.playwright.impl.PageImpl.fill(PageImpl.java:766)
	at com.microsoft.playwright.Page.fill(Page.java:4745)
	at com.cro.playwright.SessionManager.createOrReuse(SessionManager.java:76)
	at steps.LoginSteps.i_login_as_role(LoginSteps.java:19)
	at ✽.I login as role "viewer"(classpath:features/SystemConfiguration/system_configuration.feature:44)
Caused by: com.microsoft.playwright.TimeoutError: Error {
  message='Timeout 30000ms exceeded.
  name='TimeoutError
  stack='TimeoutError: Timeout 30000ms exceeded.
    at ProgressController.run (C:\Users\SHIRIS~1\AppData\Local\Temp\playwright-java-868987840816986776\package\lib\server\progress.js:68:28)
    at FrameDispatcher._runCommand (C:\Users\SHIRIS~1\AppData\Local\Temp\playwright-java-868987840816986776\package\lib\server\dispatchers\dispatcher.js:95:31)
    at DispatcherConnection.dispatch (C:\Users\SHIRIS~1\AppData\Local\Temp\playwright-java-868987840816986776\package\lib\server\dispatchers\dispatcher.js:329:39)
}
Call log:
-   - waiting for locator("#username")

	at com.microsoft.playwright.impl.Connection.dispatch(Connection.java:257)
	at com.microsoft.playwright.impl.Connection.processOneMessage(Connection.java:214)
	at com.microsoft.playwright.impl.ChannelOwner.runUntil(ChannelOwner.java:136)
	... 8 more

