<?xml version="1.0" encoding="UTF-8"?>
<testsuite xmlns:xsi="http://www.w3.org/2001/XMLSchema-instance" xsi:noNamespaceSchemaLocation="https://maven.apache.org/surefire/maven-surefire-plugin/xsd/surefire-test-report-3.0.xsd" version="3.0" name="runners.RunCucumberTest" time="197.46" tests="4" errors="0" skipped="0" failures="4">
  <properties>
[...]
</properties>
  <testcase name="runScenario[&quot;User with edit role able to edit an existing country&quot;, &quot;System configuration page&quot;](1)" classname="runners.RunCucumberTest" time="45.87">
    <failure message="Error {&#10;  message=&apos;Timeout 30000ms exceeded.&#10;  name=&apos;TimeoutError&#10;  stack=&apos;TimeoutError: Timeout 30000ms exceeded.&#10;    at ProgressController.run (C:\Users\SHIRIS~1\AppData\Local\Temp\playwright-java-868987840816986776\package\lib\server\progress.js:68:28)&#10;    at FrameDispatcher._runCommand (C:\Users\SHIRIS~1\AppData\Local\Temp\playwright-java-868987840816986776\package\lib\server\dispatchers\dispatcher.js:95:31)&#10;    at DispatcherConnection.dispatch (C:\Users\SHIRIS~1\AppData\Local\Temp\playwright-java-868987840816986776\package\lib\server\dispatchers\dispatcher.js:329:39)&#10;}&#10;Call log:&#10;-   - waiting for locator(&quot;#username&quot;)&#10;" type="com.microsoft.playwright.TimeoutError"><![CDATA[com.microsoft.playwright.TimeoutError: 
Error {
  message='Timeout 30000ms exceeded.
  name='TimeoutError
  stack='TimeoutError: Timeout 30000ms exceeded.
    at ProgressController.run (C:\Users\SHIRIS~1\AppData\Local\Temp\playwright-java-868987840816986776\package\lib\server\progress.js:68:28)
    at FrameDispatcher._runCommand (C:\Users\SHIRIS~1\AppData\Local\Temp\playwright-java-868987840816986776\package\lib\server\dispatchers\dispatcher.js:95:31)
    at DispatcherConnection.dispatch (C:\Users\SHIRIS~1\AppData\Local\Temp\playwright-java-868987840816986776\package\lib\server\dispatchers\dispatcher.js:329:39)
}
Call log:
-   - waiting for locator("#username")

	at com.microsoft.playwright.impl.WaitableResult.get(WaitableResult.java:52)
	at com.microsoft.playwright.impl.ChannelOwner.runUntil(ChannelOwner.java:138)
	at com.microsoft.playwright.impl.Connection.sendMessage(Connection.java:131)
	at com.microsoft.playwright.impl.ChannelOwner.sendMessage(ChannelOwner.java:124)
	at com.microsoft.playwright.impl.FrameImpl.fill(FrameImpl.java:310)
	at com.microsoft.playwright.impl.PageImpl.fill(PageImpl.java:766)
	at com.microsoft.playwright.Page.fill(Page.java:4745)
	at com.cro.playwright.SessionManager.createOrReuse(SessionManager.java:76)
	at steps.LoginSteps.i_login_as_role(LoginSteps.java:19)
	at ✽.I login as role "editor"(classpath:features/SystemConfiguration/system_configuration.feature:23)
Caused by: com.microsoft.playwright.TimeoutError: Error {
  message='Timeout 30000ms exceeded.
  name='TimeoutError
  stack='TimeoutError: Timeout 30000ms exceeded.
    at ProgressController.run (C:\Users\SHIRIS~1\AppData\Local\Temp\playwright-java-868987840816986776\package\lib\server\progress.js:68:28)
    at FrameDispatcher._runCommand (C:\Users\SHIRIS~1\AppData\Local\Temp\playwright-java-868987840816986776\package\lib\server\dispatchers\dispatcher.js:95:31)
    at DispatcherConnection.dispatch (C:\Users\SHIRIS~1\AppData\Local\Temp\playwright-java-868987840816986776\package\lib\server\dispatchers\dispatcher.js:329:39)
}
Call log:
-   - waiting for locator("#username")

	at com.microsoft.playwright.impl.Connection.dispatch(Connection.java:257)
	at com.microsoft.playwright.impl.Connection.processOneMessage(Connection.java:214)
	at com.microsoft.playwright.impl.ChannelOwner.runUntil(ChannelOwner.java:136)
	... 8 more
]]></failure>
    <system-out><![CDATA[========================================
🚀 FRAMEWORK INITIALIZATION
========================================
Thread count (dp.threads): 1
Loaded: config/app-default.properties
Loaded: config/test-default.properties
Loaded: config/val.properties

========== DEBUG: ALL USER/PASS PROPERTIES ==========
  pass.creator = Welcome@10
  pass.deletor = Sitero#2025
  pass.editor = Sitero#2025
  pass.viewer = Sitero#2025
  user.country = US
  user.creator = Validation02@sitero.com
  user.deletor = Validation100@sitero.com
  user.dir = C:\Shirish\Automation\Playwright\CROAutomation\CTMS_Automation
  user.editor = Validation100@sitero.com
  user.home = C:\Users\ShirishWanjari
  user.language = en
  user.name = ShirishWanjari
  user.script = 
  user.timezone = UTC
  user.variant = 
  user.viewer = Validation100@sitero.com
====================================================

Properties loaded successfully
✓ Browser launched: chromium (headless=false)
========================================

@smoke
&amp#27;[1mScenario Outline:&amp#27;[22m User with view role able to edit an existing country &amp#27;[90m# classpath:features/SystemConfiguration/system_configuration.feature:51&amp#27;[39m

@smoke
&amp#27;[1mScenario Outline:&amp#27;[22m User with edit role able to edit an existing country &amp#27;[90m# classpath:features/SystemConfiguration/system_configuration.feature:30&amp#27;[39m

@smoke
&amp#27;[1mScenario Outline:&amp#27;[22m User with delete role able to edit an existing country &amp#27;[90m# classpath:features/SystemConfiguration/system_configuration.feature:40&amp#27;[39m

@smoke
  🔐 Background: Setting role = viewer
  🔐 Background: Setting role = editor
&amp#27;[1mScenario Outline:&amp#27;[22m User with create role able to add a new country with active status &amp#27;[90m# classpath:features/SystemConfiguration/system_configuration.feature:19&amp#27;[39m
  🔐 Background: Setting role = deletor
  🔐 Background: Setting role = creator
   DEBUG Session Info:
   DEBUG Session Info:
   DEBUG Session Info:
   DEBUG Session Info:
   Build ID: local
   Build ID: local
   Build ID: local
   Build ID: local
   Session Dir: sessions/local
   Session Dir: sessions/local
   Session Dir: sessions/local
   Filename: sessions/local/viewer_Validation100@sitero.com.json
   Session Dir: sessions/local
   Filename: sessions/local/deletor_Validation100@sitero.com.json
   Filename: sessions/local/creator_Validation02@sitero.com.json
   Filename: sessions/local/editor_Validation100@sitero.com.json
   Absolute Path: C:\Shirish\Automation\Playwright\CROAutomation\CTMS_Automation\sessions\local\viewer_Validation100@sitero.com.json
   Absolute Path: C:\Shirish\Automation\Playwright\CROAutomation\CTMS_Automation\sessions\local\deletor_Validation100@sitero.com.json
   Absolute Path: C:\Shirish\Automation\Playwright\CROAutomation\CTMS_Automation\sessions\local\creator_Validation02@sitero.com.json
   Absolute Path: C:\Shirish\Automation\Playwright\CROAutomation\CTMS_Automation\sessions\local\editor_Validation100@sitero.com.json
   File exists: false
   File exists: false
   File exists: false
   File exists: false
   Parent dir exists: true
   Parent dir exists: true
   Parent dir exists: true
   Parent dir exists: true
Creating NEW session: sessions/local/editor_Validation100@sitero.com.json
Creating NEW session: sessions/local/deletor_Validation100@sitero.com.json
  &amp#27;[31m✘&amp#27;[39m &amp#27;[31m&amp#27;[1mGiven &amp#27;[22mI login as role &amp#27;[1m"editor"&amp#27;[22m&amp#27;[39m                                     &amp#27;[90m# steps.LoginSteps.i_login_as_role(java.lang.String)&amp#27;[39m
        &amp#27;[31mcom.microsoft.playwright.TimeoutError: Error {&amp#27;[39m
        &amp#27;[31m  message='Timeout 30000ms exceeded.&amp#27;[39m
        &amp#27;[31m  name='TimeoutError&amp#27;[39m
        &amp#27;[31m  stack='TimeoutError: Timeout 30000ms exceeded.&amp#27;[39m
        &amp#27;[31m    at ProgressController.run (C:\Users\SHIRIS~1\AppData\Local\Temp\playwright-java-868987840816986776\package\lib\server\progress.js:68:28)&amp#27;[39m
        &amp#27;[31m    at FrameDispatcher._runCommand (C:\Users\SHIRIS~1\AppData\Local\Temp\playwright-java-868987840816986776\package\lib\server\dispatchers\dispatcher.js:95:31)&amp#27;[39m
        &amp#27;[31m    at DispatcherConnection.dispatch (C:\Users\SHIRIS~1\AppData\Local\Temp\playwright-java-868987840816986776\package\lib\server\dispatchers\dispatcher.js:329:39)&amp#27;[39m
        &amp#27;[31m}&amp#27;[39m
        &amp#27;[31mCall log:&amp#27;[39m
        &amp#27;[31m-   - waiting for locator("#username")&amp#27;[39m
        &amp#27;[31m&amp#27;[39m
        &amp#27;[31m	at com.microsoft.playwright.impl.WaitableResult.get(WaitableResult.java:52)&amp#27;[39m
        &amp#27;[31m	at com.microsoft.playwright.impl.ChannelOwner.runUntil(ChannelOwner.java:138)&amp#27;[39m
        &amp#27;[31m	at com.microsoft.playwright.impl.Connection.sendMessage(Connection.java:131)&amp#27;[39m
        &amp#27;[31m	at com.microsoft.playwright.impl.ChannelOwner.sendMessage(ChannelOwner.java:124)&amp#27;[39m
        &amp#27;[31m	at com.microsoft.playwright.impl.FrameImpl.fill(FrameImpl.java:310)&amp#27;[39m
        &amp#27;[31m	at com.microsoft.playwright.impl.PageImpl.fill(PageImpl.java:766)&amp#27;[39m
        &amp#27;[31m	at com.microsoft.playwright.Page.fill(Page.java:4745)&amp#27;[39m
        &amp#27;[31m	at com.cro.playwright.SessionManager.createOrReuse(SessionManager.java:76)&amp#27;[39m
        &amp#27;[31m	at steps.LoginSteps.i_login_as_role(LoginSteps.java:19)&amp#27;[39m
        &amp#27;[31m	at ✽.I login as role "editor"(classpath:features/SystemConfiguration/system_configuration.feature:23)&amp#27;[39m
        &amp#27;[31mCaused by: com.microsoft.playwright.TimeoutError: Error {&amp#27;[39m
        &amp#27;[31m  message='Timeout 30000ms exceeded.&amp#27;[39m
        &amp#27;[31m  name='TimeoutError&amp#27;[39m
        &amp#27;[31m  stack='TimeoutError: Timeout 30000ms exceeded.&amp#27;[39m
        &amp#27;[31m    at ProgressController.run (C:\Users\SHIRIS~1\AppData\Local\Temp\playwright-java-868987840816986776\package\lib\server\progress.js:68:28)&amp#27;[39m
        &amp#27;[31m    at FrameDispatcher._runCommand (C:\Users\SHIRIS~1\AppData\Local\Temp\playwright-java-868987840816986776\package\lib\server\dispatchers\dispatcher.js:95:31)&amp#27;[39m
        &amp#27;[31m    at DispatcherConnection.dispatch (C:\Users\SHIRIS~1\AppData\Local\Temp\playwright-java-868987840816986776\package\lib\server\dispatchers\dispatcher.js:329:39)&amp#27;[39m
        &amp#27;[31m}&amp#27;[39m
        &amp#27;[31mCall log:&amp#27;[39m
        &amp#27;[31m-   - waiting for locator("#username")&amp#27;[39m
        &amp#27;[31m&amp#27;[39m
        &amp#27;[31m	at com.microsoft.playwright.impl.Connection.dispatch(Connection.java:257)&amp#27;[39m
        &amp#27;[31m	at com.microsoft.playwright.impl.Connection.processOneMessage(Connection.java:214)&amp#27;[39m
        &amp#27;[31m	at com.microsoft.playwright.impl.ChannelOwner.runUntil(ChannelOwner.java:136)&amp#27;[39m
        &amp#27;[31m	... 8 more&amp#27;[39m
  &amp#27;[36m↷&amp#27;[39m &amp#27;[36m&amp#27;[1mWhen &amp#27;[22mthe user is on the country management page&amp#27;[39m                    &amp#27;[90m# steps.CountrySteps.navigateToCountryPage()&amp#27;[39m
  ❌ Scenario FAILED - capturing screenshot
  ⚠ Screenshot capture failed: Page not set for this thread
]]></system-out>
  </testcase>
  <testcase name="runScenario[&quot;User with delete role able to edit an existing country&quot;, &quot;System configuration page&quot;](2)" classname="runners.RunCucumberTest" time="91.782">
    <failure message="Error {&#10;  message=&apos;Timeout 30000ms exceeded.&#10;  name=&apos;TimeoutError&#10;  stack=&apos;TimeoutError: Timeout 30000ms exceeded.&#10;    at ProgressController.run (C:\Users\SHIRIS~1\AppData\Local\Temp\playwright-java-868987840816986776\package\lib\server\progress.js:68:28)&#10;    at FrameDispatcher._runCommand (C:\Users\SHIRIS~1\AppData\Local\Temp\playwright-java-868987840816986776\package\lib\server\dispatchers\dispatcher.js:95:31)&#10;    at DispatcherConnection.dispatch (C:\Users\SHIRIS~1\AppData\Local\Temp\playwright-java-868987840816986776\package\lib\server\dispatchers\dispatcher.js:329:39)&#10;}&#10;Call log:&#10;-   - waiting for locator(&quot;#username&quot;)&#10;" type="com.microsoft.playwright.TimeoutError"><![CDATA[com.microsoft.playwright.TimeoutError: 
Error {
  message='Timeout 30000ms exceeded.
  name='TimeoutError
  stack='TimeoutError: Timeout 30000ms exceeded.
    at ProgressController.run (C:\Users\SHIRIS~1\AppData\Local\Temp\playwright-java-868987840816986776\package\lib\server\progress.js:68:28)
    at FrameDispatcher._runCommand (C:\Users\SHIRIS~1\AppData\Local\Temp\playwright-java-868987840816986776\package\lib\server\dispatchers\dispatcher.js:95:31)
    at DispatcherConnection.dispatch (C:\Users\SHIRIS~1\AppData\Local\Temp\playwright-java-868987840816986776\package\lib\server\dispatchers\dispatcher.js:329:39)
}
Call log:
-   - waiting for locator("#username")

	at com.microsoft.playwright.impl.WaitableResult.get(WaitableResult.java:52)
	at com.microsoft.playwright.impl.ChannelOwner.runUntil(ChannelOwner.java:138)
	at com.microsoft.playwright.impl.Connection.sendMessage(Connection.java:131)
	at com.microsoft.playwright.impl.ChannelOwner.sendMessage(ChannelOwner.java:124)
	at com.microsoft.playwright.impl.FrameImpl.fill(FrameImpl.java:310)
	at com.microsoft.playwright.impl.PageImpl.fill(PageImpl.java:766)
	at com.microsoft.playwright.Page.fill(Page.java:4745)
	at com.cro.playwright.SessionManager.createOrReuse(SessionManager.java:76)
	at steps.LoginSteps.i_login_as_role(LoginSteps.java:19)
	at ✽.I login as role "deletor"(classpath:features/SystemConfiguration/system_configuration.feature:33)
Caused by: com.microsoft.playwright.TimeoutError: Error {
  message='Timeout 30000ms exceeded.
  name='TimeoutError
  stack='TimeoutError: Timeout 30000ms exceeded.
    at ProgressController.run (C:\Users\SHIRIS~1\AppData\Local\Temp\playwright-java-868987840816986776\package\lib\server\progress.js:68:28)
    at FrameDispatcher._runCommand (C:\Users\SHIRIS~1\AppData\Local\Temp\playwright-java-868987840816986776\package\lib\server\dispatchers\dispatcher.js:95:31)
    at DispatcherConnection.dispatch (C:\Users\SHIRIS~1\AppData\Local\Temp\playwright-java-868987840816986776\package\lib\server\dispatchers\dispatcher.js:329:39)
}
Call log:
-   - waiting for locator("#username")

	at com.microsoft.playwright.impl.Connection.dispatch(Connection.java:257)
	at com.microsoft.playwright.impl.Connection.processOneMessage(Connection.java:214)
	at com.microsoft.playwright.impl.ChannelOwner.runUntil(ChannelOwner.java:136)
	... 8 more
]]></failure>
    <system-out><![CDATA[Creating NEW session: sessions/local/creator_Validation02@sitero.com.json
  &amp#27;[31m✘&amp#27;[39m &amp#27;[31m&amp#27;[1mGiven &amp#27;[22mI login as role &amp#27;[1m"deletor"&amp#27;[22m&amp#27;[39m                                      &amp#27;[90m# steps.LoginSteps.i_login_as_role(java.lang.String)&amp#27;[39m
        &amp#27;[31mcom.microsoft.playwright.TimeoutError: Error {&amp#27;[39m
        &amp#27;[31m  message='Timeout 30000ms exceeded.&amp#27;[39m
        &amp#27;[31m  name='TimeoutError&amp#27;[39m
        &amp#27;[31m  stack='TimeoutError: Timeout 30000ms exceeded.&amp#27;[39m
        &amp#27;[31m    at ProgressController.run (C:\Users\SHIRIS~1\AppData\Local\Temp\playwright-java-868987840816986776\package\lib\server\progress.js:68:28)&amp#27;[39m
        &amp#27;[31m    at FrameDispatcher._runCommand (C:\Users\SHIRIS~1\AppData\Local\Temp\playwright-java-868987840816986776\package\lib\server\dispatchers\dispatcher.js:95:31)&amp#27;[39m
        &amp#27;[31m    at DispatcherConnection.dispatch (C:\Users\SHIRIS~1\AppData\Local\Temp\playwright-java-868987840816986776\package\lib\server\dispatchers\dispatcher.js:329:39)&amp#27;[39m
        &amp#27;[31m}&amp#27;[39m
        &amp#27;[31mCall log:&amp#27;[39m
        &amp#27;[31m-   - waiting for locator("#username")&amp#27;[39m
        &amp#27;[31m&amp#27;[39m
        &amp#27;[31m	at com.microsoft.playwright.impl.WaitableResult.get(WaitableResult.java:52)&amp#27;[39m
        &amp#27;[31m	at com.microsoft.playwright.impl.ChannelOwner.runUntil(ChannelOwner.java:138)&amp#27;[39m
        &amp#27;[31m	at com.microsoft.playwright.impl.Connection.sendMessage(Connection.java:131)&amp#27;[39m
        &amp#27;[31m	at com.microsoft.playwright.impl.ChannelOwner.sendMessage(ChannelOwner.java:124)&amp#27;[39m
        &amp#27;[31m	at com.microsoft.playwright.impl.FrameImpl.fill(FrameImpl.java:310)&amp#27;[39m
        &amp#27;[31m	at com.microsoft.playwright.impl.PageImpl.fill(PageImpl.java:766)&amp#27;[39m
        &amp#27;[31m	at com.microsoft.playwright.Page.fill(Page.java:4745)&amp#27;[39m
        &amp#27;[31m	at com.cro.playwright.SessionManager.createOrReuse(SessionManager.java:76)&amp#27;[39m
        &amp#27;[31m	at steps.LoginSteps.i_login_as_role(LoginSteps.java:19)&amp#27;[39m
        &amp#27;[31m	at ✽.I login as role "deletor"(classpath:features/SystemConfiguration/system_configuration.feature:33)&amp#27;[39m
        &amp#27;[31mCaused by: com.microsoft.playwright.TimeoutError: Error {&amp#27;[39m
        &amp#27;[31m  message='Timeout 30000ms exceeded.&amp#27;[39m
        &amp#27;[31m  name='TimeoutError&amp#27;[39m
        &amp#27;[31m  stack='TimeoutError: Timeout 30000ms exceeded.&amp#27;[39m
        &amp#27;[31m    at ProgressController.run (C:\Users\SHIRIS~1\AppData\Local\Temp\playwright-java-868987840816986776\package\lib\server\progress.js:68:28)&amp#27;[39m
        &amp#27;[31m    at FrameDispatcher._runCommand (C:\Users\SHIRIS~1\AppData\Local\Temp\playwright-java-868987840816986776\package\lib\server\dispatchers\dispatcher.js:95:31)&amp#27;[39m
        &amp#27;[31m    at DispatcherConnection.dispatch (C:\Users\SHIRIS~1\AppData\Local\Temp\playwright-java-868987840816986776\package\lib\server\dispatchers\dispatcher.js:329:39)&amp#27;[39m
        &amp#27;[31m}&amp#27;[39m
        &amp#27;[31mCall log:&amp#27;[39m
        &amp#27;[31m-   - waiting for locator("#username")&amp#27;[39m
        &amp#27;[31m&amp#27;[39m
        &amp#27;[31m	at com.microsoft.playwright.impl.Connection.dispatch(Connection.java:257)&amp#27;[39m
        &amp#27;[31m	at com.microsoft.playwright.impl.Connection.processOneMessage(Connection.java:214)&amp#27;[39m
        &amp#27;[31m	at com.microsoft.playwright.impl.ChannelOwner.runUntil(ChannelOwner.java:136)&amp#27;[39m
        &amp#27;[31m	... 8 more&amp#27;[39m
  &amp#27;[36m↷&amp#27;[39m &amp#27;[36m&amp#27;[1mWhen &amp#27;[22mthe user is on the country management page&amp#27;[39m                      &amp#27;[90m# steps.CountrySteps.navigateToCountryPage()&amp#27;[39m
  ❌ Scenario FAILED - capturing screenshot
  ⚠ Screenshot capture failed: Page not set for this thread
]]></system-out>
  </testcase>
  <testcase name="runScenario[&quot;User with create role able to add a new country with active status&quot;, &quot;System configuration page&quot;](3)" classname="runners.RunCucumberTest" time="139.145">
    <failure message="Error {&#10;  message=&apos;Timeout 30000ms exceeded.&#10;  name=&apos;TimeoutError&#10;  stack=&apos;TimeoutError: Timeout 30000ms exceeded.&#10;    at ProgressController.run (C:\Users\SHIRIS~1\AppData\Local\Temp\playwright-java-868987840816986776\package\lib\server\progress.js:68:28)&#10;    at FrameDispatcher._runCommand (C:\Users\SHIRIS~1\AppData\Local\Temp\playwright-java-868987840816986776\package\lib\server\dispatchers\dispatcher.js:95:31)&#10;    at DispatcherConnection.dispatch (C:\Users\SHIRIS~1\AppData\Local\Temp\playwright-java-868987840816986776\package\lib\server\dispatchers\dispatcher.js:329:39)&#10;}&#10;Call log:&#10;-   - waiting for locator(&quot;#username&quot;)&#10;" type="com.microsoft.playwright.TimeoutError"><![CDATA[com.microsoft.playwright.TimeoutError: 
Error {
  message='Timeout 30000ms exceeded.
  name='TimeoutError
  stack='TimeoutError: Timeout 30000ms exceeded.
    at ProgressController.run (C:\Users\SHIRIS~1\AppData\Local\Temp\playwright-java-868987840816986776\package\lib\server\progress.js:68:28)
    at FrameDispatcher._runCommand (C:\Users\SHIRIS~1\AppData\Local\Temp\playwright-java-868987840816986776\package\lib\server\dispatchers\dispatcher.js:95:31)
    at DispatcherConnection.dispatch (C:\Users\SHIRIS~1\AppData\Local\Temp\playwright-java-868987840816986776\package\lib\server\dispatchers\dispatcher.js:329:39)
}
Call log:
-   - waiting for locator("#username")

	at com.microsoft.playwright.impl.WaitableResult.get(WaitableResult.java:52)
	at com.microsoft.playwright.impl.ChannelOwner.runUntil(ChannelOwner.java:138)
	at com.microsoft.playwright.impl.Connection.sendMessage(Connection.java:131)
	at com.microsoft.playwright.impl.ChannelOwner.sendMessage(ChannelOwner.java:124)
	at com.microsoft.playwright.impl.FrameImpl.fill(FrameImpl.java:310)
	at com.microsoft.playwright.impl.PageImpl.fill(PageImpl.java:766)
	at com.microsoft.playwright.Page.fill(Page.java:4745)
	at com.cro.playwright.SessionManager.createOrReuse(SessionManager.java:76)
	at steps.LoginSteps.i_login_as_role(LoginSteps.java:19)
	at ✽.I login as role "creator"(classpath:features/SystemConfiguration/system_configuration.feature:12)
Caused by: com.microsoft.playwright.TimeoutError: Error {
  message='Timeout 30000ms exceeded.
  name='TimeoutError
  stack='TimeoutError: Timeout 30000ms exceeded.
    at ProgressController.run (C:\Users\SHIRIS~1\AppData\Local\Temp\playwright-java-868987840816986776\package\lib\server\progress.js:68:28)
    at FrameDispatcher._runCommand (C:\Users\SHIRIS~1\AppData\Local\Temp\playwright-java-868987840816986776\package\lib\server\dispatchers\dispatcher.js:95:31)
    at DispatcherConnection.dispatch (C:\Users\SHIRIS~1\AppData\Local\Temp\playwright-java-868987840816986776\package\lib\server\dispatchers\dispatcher.js:329:39)
}
Call log:
-   - waiting for locator("#username")

	at com.microsoft.playwright.impl.Connection.dispatch(Connection.java:257)
	at com.microsoft.playwright.impl.Connection.processOneMessage(Connection.java:214)
	at com.microsoft.playwright.impl.ChannelOwner.runUntil(ChannelOwner.java:136)
	... 8 more
]]></failure>
    <system-out><![CDATA[Creating NEW session: sessions/local/viewer_Validation100@sitero.com.json
  &amp#27;[31m✘&amp#27;[39m &amp#27;[31m&amp#27;[1mGiven &amp#27;[22mI login as role &amp#27;[1m"creator"&amp#27;[22m&amp#27;[39m                                                  &amp#27;[90m# steps.LoginSteps.i_login_as_role(java.lang.String)&amp#27;[39m
        &amp#27;[31mcom.microsoft.playwright.TimeoutError: Error {&amp#27;[39m
        &amp#27;[31m  message='Timeout 30000ms exceeded.&amp#27;[39m
        &amp#27;[31m  name='TimeoutError&amp#27;[39m
        &amp#27;[31m  stack='TimeoutError: Timeout 30000ms exceeded.&amp#27;[39m
        &amp#27;[31m    at ProgressController.run (C:\Users\SHIRIS~1\AppData\Local\Temp\playwright-java-868987840816986776\package\lib\server\progress.js:68:28)&amp#27;[39m
        &amp#27;[31m    at FrameDispatcher._runCommand (C:\Users\SHIRIS~1\AppData\Local\Temp\playwright-java-868987840816986776\package\lib\server\dispatchers\dispatcher.js:95:31)&amp#27;[39m
        &amp#27;[31m    at DispatcherConnection.dispatch (C:\Users\SHIRIS~1\AppData\Local\Temp\playwright-java-868987840816986776\package\lib\server\dispatchers\dispatcher.js:329:39)&amp#27;[39m
        &amp#27;[31m}&amp#27;[39m
        &amp#27;[31mCall log:&amp#27;[39m
        &amp#27;[31m-   - waiting for locator("#username")&amp#27;[39m
        &amp#27;[31m&amp#27;[39m
        &amp#27;[31m	at com.microsoft.playwright.impl.WaitableResult.get(WaitableResult.java:52)&amp#27;[39m
        &amp#27;[31m	at com.microsoft.playwright.impl.ChannelOwner.runUntil(ChannelOwner.java:138)&amp#27;[39m
        &amp#27;[31m	at com.microsoft.playwright.impl.Connection.sendMessage(Connection.java:131)&amp#27;[39m
        &amp#27;[31m	at com.microsoft.playwright.impl.ChannelOwner.sendMessage(ChannelOwner.java:124)&amp#27;[39m
        &amp#27;[31m	at com.microsoft.playwright.impl.FrameImpl.fill(FrameImpl.java:310)&amp#27;[39m
        &amp#27;[31m	at com.microsoft.playwright.impl.PageImpl.fill(PageImpl.java:766)&amp#27;[39m
        &amp#27;[31m	at com.microsoft.playwright.Page.fill(Page.java:4745)&amp#27;[39m
        &amp#27;[31m	at com.cro.playwright.SessionManager.createOrReuse(SessionManager.java:76)&amp#27;[39m
        &amp#27;[31m	at steps.LoginSteps.i_login_as_role(LoginSteps.java:19)&amp#27;[39m
        &amp#27;[31m	at ✽.I login as role "creator"(classpath:features/SystemConfiguration/system_configuration.feature:12)&amp#27;[39m
        &amp#27;[31mCaused by: com.microsoft.playwright.TimeoutError: Error {&amp#27;[39m
        &amp#27;[31m  message='Timeout 30000ms exceeded.&amp#27;[39m
        &amp#27;[31m  name='TimeoutError&amp#27;[39m
        &amp#27;[31m  stack='TimeoutError: Timeout 30000ms exceeded.&amp#27;[39m
        &amp#27;[31m    at ProgressController.run (C:\Users\SHIRIS~1\AppData\Local\Temp\playwright-java-868987840816986776\package\lib\server\progress.js:68:28)&amp#27;[39m
        &amp#27;[31m    at FrameDispatcher._runCommand (C:\Users\SHIRIS~1\AppData\Local\Temp\playwright-java-868987840816986776\package\lib\server\dispatchers\dispatcher.js:95:31)&amp#27;[39m
        &amp#27;[31m    at DispatcherConnection.dispatch (C:\Users\SHIRIS~1\AppData\Local\Temp\playwright-java-868987840816986776\package\lib\server\dispatchers\dispatcher.js:329:39)&amp#27;[39m
        &amp#27;[31m}&amp#27;[39m
        &amp#27;[31mCall log:&amp#27;[39m
        &amp#27;[31m-   - waiting for locator("#username")&amp#27;[39m
        &amp#27;[31m&amp#27;[39m
        &amp#27;[31m	at com.microsoft.playwright.impl.Connection.dispatch(Connection.java:257)&amp#27;[39m
        &amp#27;[31m	at com.microsoft.playwright.impl.Connection.processOneMessage(Connection.java:214)&amp#27;[39m
        &amp#27;[31m	at com.microsoft.playwright.impl.ChannelOwner.runUntil(ChannelOwner.java:136)&amp#27;[39m
        &amp#27;[31m	... 8 more&amp#27;[39m
  &amp#27;[36m↷&amp#27;[39m &amp#27;[36m&amp#27;[1mWhen &amp#27;[22mthe user is on the country management page&amp#27;[39m                                  &amp#27;[90m# steps.CountrySteps.navigateToCountryPage()&amp#27;[39m
  ❌ Scenario FAILED - capturing screenshot
  ⚠ Screenshot capture failed: Page not set for this thread
]]></system-out>
  </testcase>
  <testcase name="runScenario[&quot;User with view role able to edit an existing country&quot;, &quot;System configuration page&quot;](4)" classname="runners.RunCucumberTest" time="187.349">
    <failure message="Error {&#10;  message=&apos;Timeout 30000ms exceeded.&#10;  name=&apos;TimeoutError&#10;  stack=&apos;TimeoutError: Timeout 30000ms exceeded.&#10;    at ProgressController.run (C:\Users\SHIRIS~1\AppData\Local\Temp\playwright-java-868987840816986776\package\lib\server\progress.js:68:28)&#10;    at FrameDispatcher._runCommand (C:\Users\SHIRIS~1\AppData\Local\Temp\playwright-java-868987840816986776\package\lib\server\dispatchers\dispatcher.js:95:31)&#10;    at DispatcherConnection.dispatch (C:\Users\SHIRIS~1\AppData\Local\Temp\playwright-java-868987840816986776\package\lib\server\dispatchers\dispatcher.js:329:39)&#10;}&#10;Call log:&#10;-   - waiting for locator(&quot;#username&quot;)&#10;" type="com.microsoft.playwright.TimeoutError"><![CDATA[com.microsoft.playwright.TimeoutError: 
Error {
  message='Timeout 30000ms exceeded.
  name='TimeoutError
  stack='TimeoutError: Timeout 30000ms exceeded.
    at ProgressController.run (C:\Users\SHIRIS~1\AppData\Local\Temp\playwright-java-868987840816986776\package\lib\server\progress.js:68:28)
    at FrameDispatcher._runCommand (C:\Users\SHIRIS~1\AppData\Local\Temp\playwright-java-868987840816986776\package\lib\server\dispatchers\dispatcher.js:95:31)
    at DispatcherConnection.dispatch (C:\Users\SHIRIS~1\AppData\Local\Temp\playwright-java-868987840816986776\package\lib\server\dispatchers\dispatcher.js:329:39)
}
Call log:
-   - waiting for locator("#username")

	at com.microsoft.playwright.impl.WaitableResult.get(WaitableResult.java:52)
	at com.microsoft.playwright.impl.ChannelOwner.runUntil(ChannelOwner.java:138)
	at com.microsoft.playwright.impl.Connection.sendMessage(Connection.java:131)
	at com.microsoft.playwright.impl.ChannelOwner.sendMessage(ChannelOwner.java:124)
	at com.microsoft.playwright.impl.FrameImpl.fill(FrameImpl.java:310)
	at com.microsoft.playwright.impl.PageImpl.fill(PageImpl.java:766)
	at com.microsoft.playwright.Page.fill(Page.java:4745)
	at com.cro.playwright.SessionManager.createOrReuse(SessionManager.java:76)
	at steps.LoginSteps.i_login_as_role(LoginSteps.java:19)
	at ✽.I login as role "viewer"(classpath:features/SystemConfiguration/system_configuration.feature:44)
Caused by: com.microsoft.playwright.TimeoutError: Error {
  message='Timeout 30000ms exceeded.
  name='TimeoutError
  stack='TimeoutError: Timeout 30000ms exceeded.
    at ProgressController.run (C:\Users\SHIRIS~1\AppData\Local\Temp\playwright-java-868987840816986776\package\lib\server\progress.js:68:28)
    at FrameDispatcher._runCommand (C:\Users\SHIRIS~1\AppData\Local\Temp\playwright-java-868987840816986776\package\lib\server\dispatchers\dispatcher.js:95:31)
    at DispatcherConnection.dispatch (C:\Users\SHIRIS~1\AppData\Local\Temp\playwright-java-868987840816986776\package\lib\server\dispatchers\dispatcher.js:329:39)
}
Call log:
-   - waiting for locator("#username")

	at com.microsoft.playwright.impl.Connection.dispatch(Connection.java:257)
	at com.microsoft.playwright.impl.Connection.processOneMessage(Connection.java:214)
	at com.microsoft.playwright.impl.ChannelOwner.runUntil(ChannelOwner.java:136)
	... 8 more
]]></failure>
    <system-out><![CDATA[  &amp#27;[31m✘&amp#27;[39m &amp#27;[31m&amp#27;[1mGiven &amp#27;[22mI login as role &amp#27;[1m"viewer"&amp#27;[22m&amp#27;[39m                                     &amp#27;[90m# steps.LoginSteps.i_login_as_role(java.lang.String)&amp#27;[39m
        &amp#27;[31mcom.microsoft.playwright.TimeoutError: Error {&amp#27;[39m
        &amp#27;[31m  message='Timeout 30000ms exceeded.&amp#27;[39m
        &amp#27;[31m  name='TimeoutError&amp#27;[39m
        &amp#27;[31m  stack='TimeoutError: Timeout 30000ms exceeded.&amp#27;[39m
        &amp#27;[31m    at ProgressController.run (C:\Users\SHIRIS~1\AppData\Local\Temp\playwright-java-868987840816986776\package\lib\server\progress.js:68:28)&amp#27;[39m
        &amp#27;[31m    at FrameDispatcher._runCommand (C:\Users\SHIRIS~1\AppData\Local\Temp\playwright-java-868987840816986776\package\lib\server\dispatchers\dispatcher.js:95:31)&amp#27;[39m
        &amp#27;[31m    at DispatcherConnection.dispatch (C:\Users\SHIRIS~1\AppData\Local\Temp\playwright-java-868987840816986776\package\lib\server\dispatchers\dispatcher.js:329:39)&amp#27;[39m
        &amp#27;[31m}&amp#27;[39m
        &amp#27;[31mCall log:&amp#27;[39m
        &amp#27;[31m-   - waiting for locator("#username")&amp#27;[39m
        &amp#27;[31m&amp#27;[39m
        &amp#27;[31m	at com.microsoft.playwright.impl.WaitableResult.get(WaitableResult.java:52)&amp#27;[39m
        &amp#27;[31m	at com.microsoft.playwright.impl.ChannelOwner.runUntil(ChannelOwner.java:138)&amp#27;[39m
        &amp#27;[31m	at com.microsoft.playwright.impl.Connection.sendMessage(Connection.java:131)&amp#27;[39m
        &amp#27;[31m	at com.microsoft.playwright.impl.ChannelOwner.sendMessage(ChannelOwner.java:124)&amp#27;[39m
        &amp#27;[31m	at com.microsoft.playwright.impl.FrameImpl.fill(FrameImpl.java:310)&amp#27;[39m
        &amp#27;[31m	at com.microsoft.playwright.impl.PageImpl.fill(PageImpl.java:766)&amp#27;[39m
        &amp#27;[31m	at com.microsoft.playwright.Page.fill(Page.java:4745)&amp#27;[39m
        &amp#27;[31m	at com.cro.playwright.SessionManager.createOrReuse(SessionManager.java:76)&amp#27;[39m
        &amp#27;[31m	at steps.LoginSteps.i_login_as_role(LoginSteps.java:19)&amp#27;[39m
        &amp#27;[31m	at ✽.I login as role "viewer"(classpath:features/SystemConfiguration/system_configuration.feature:44)&amp#27;[39m
        &amp#27;[31mCaused by: com.microsoft.playwright.TimeoutError: Error {&amp#27;[39m
        &amp#27;[31m  message='Timeout 30000ms exceeded.&amp#27;[39m
        &amp#27;[31m  name='TimeoutError&amp#27;[39m
        &amp#27;[31m  stack='TimeoutError: Timeout 30000ms exceeded.&amp#27;[39m
        &amp#27;[31m    at ProgressController.run (C:\Users\SHIRIS~1\AppData\Local\Temp\playwright-java-868987840816986776\package\lib\server\progress.js:68:28)&amp#27;[39m
        &amp#27;[31m    at FrameDispatcher._runCommand (C:\Users\SHIRIS~1\AppData\Local\Temp\playwright-java-868987840816986776\package\lib\server\dispatchers\dispatcher.js:95:31)&amp#27;[39m
        &amp#27;[31m    at DispatcherConnection.dispatch (C:\Users\SHIRIS~1\AppData\Local\Temp\playwright-java-868987840816986776\package\lib\server\dispatchers\dispatcher.js:329:39)&amp#27;[39m
        &amp#27;[31m}&amp#27;[39m
        &amp#27;[31mCall log:&amp#27;[39m
        &amp#27;[31m-   - waiting for locator("#username")&amp#27;[39m
        &amp#27;[31m&amp#27;[39m
        &amp#27;[31m	at com.microsoft.playwright.impl.Connection.dispatch(Connection.java:257)&amp#27;[39m
        &amp#27;[31m	at com.microsoft.playwright.impl.Connection.processOneMessage(Connection.java:214)&amp#27;[39m
        &amp#27;[31m	at com.microsoft.playwright.impl.ChannelOwner.runUntil(ChannelOwner.java:136)&amp#27;[39m
        &amp#27;[31m	... 8 more&amp#27;[39m
  &amp#27;[36m↷&amp#27;[39m &amp#27;[36m&amp#27;[1mWhen &amp#27;[22mthe user is on the country management page&amp#27;[39m                    &amp#27;[90m# steps.CountrySteps.navigateToCountryPage()&amp#27;[39m
  ❌ Scenario FAILED - capturing screenshot
  ⚠ Screenshot capture failed: Page not set for this thread
]]></system-out>
  </testcase>
</testsuite>