<?xml version="1.0" encoding="UTF-8"?>
<testsuite xmlns:xsi="http://www.w3.org/2001/XMLSchema-instance" xsi:noNamespaceSchemaLocation="https://maven.apache.org/surefire/maven-surefire-plugin/xsd/surefire-test-report-3.0.xsd" version="3.0" name="runners.RunCucumberTest" time="2.112" tests="1" errors="0" skipped="0" failures="1">
  <properties>
[...]
</properties>
  <testcase name="setUpClass[org.testng.TestRunner@3a60c416](0)" classname="runners.RunCucumberTest" time="1.944">
    <failure message="Missing property: browser" type="java.lang.RuntimeException"><![CDATA[java.lang.RuntimeException: Missing property: browser
	at com.cro.config.PropertiesLoader.get(PropertiesLoader.java:54)
	at com.cro.config.PropertiesLoader.getBrowser(PropertiesLoader.java:59)
	at com.cro.hooks.GlobalHooks.beforeAll(GlobalHooks.java:13)
]]></failure>
  </testcase>
</testsuite>