<?xml version="1.0" encoding="UTF-8"?>
<testng-results ignored="0" total="4" passed="0" failed="4" skipped="0">
  <reporter-output>
  </reporter-output>
  <suite started-at="2026-02-13T18:10:21 UTC" name="Surefire suite" finished-at="2026-02-13T18:13:37 UTC" duration-ms="196432">
    <groups>
      <group name="cucumber">
        <method signature="AbstractTestNGCucumberTests.runScenario(io.cucumber.testng.PickleWrapper,io.cucumber.testng.FeatureWrapper)[pri:0, instance:runners.RunCucumberTest@6f01b95f]" name="runScenario" class="io.cucumber.testng.AbstractTestNGCucumberTests"/>
      </group> <!-- cucumber -->
    </groups>
    <test started-at="2026-02-13T18:10:21 UTC" name="Surefire test" finished-at="2026-02-13T18:13:37 UTC" duration-ms="196432">
      <class name="runners.RunCucumberTest">
        <test-method is-config="true" signature="setUpClass(org.testng.ITestContext)[pri:0, instance:runners.RunCucumberTest@6f01b95f]" started-at="2026-02-13T18:10:21 UTC" name="setUpClass" finished-at="2026-02-13T18:10:27 UTC" duration-ms="6508" status="PASS">
          <params>
            <param index="0">
              <value>
                <![CDATA[org.testng.TestRunner@5aa781f2]]>
              </value>
            </param>
          </params>
          <reporter-output>
          </reporter-output>
        </test-method> <!-- setUpClass -->
        <test-method signature="runScenario(io.cucumber.testng.PickleWrapper,io.cucumber.testng.FeatureWrapper)[pri:0, instance:runners.RunCucumberTest@6f01b95f]" started-at="2026-02-13T18:10:27 UTC" name="runScenario" description="Runs Cucumber Scenarios" data-provider="scenarios" finished-at="2026-02-13T18:12:46 UTC" duration-ms="139136" status="FAIL">
          <params>
            <param index="0">
              <value>
                <![CDATA["User with create role able to add a new country with active status"]]>
              </value>
            </param>
            <param index="1">
              <value>
                <![CDATA["System configuration page"]]>
              </value>
            </param>
          </params>
          <exception class="com.microsoft.playwright.TimeoutError">
            <message>
              <![CDATA[Error {
  message='Timeout 30000ms exceeded.
  name='TimeoutError
  stack='TimeoutError: Timeout 30000ms exceeded.
    at ProgressController.run (C:\Users\SHIRIS~1\AppData\Local\Temp\playwright-java-868987840816986776\package\lib\server\progress.js:68:28)
    at FrameDispatcher._runCommand (C:\Users\SHIRIS~1\AppData\Local\Temp\playwright-java-868987840816986776\package\lib\server\dispatchers\dispatcher.js:95:31)
    at DispatcherConnection.dispatch (C:\Users\SHIRIS~1\AppData\Local\Temp\playwright-java-868987840816986776\package\lib\server\dispatchers\dispatcher.js:329:39)
}
Call log:
-   - waiting for locator("#username")
]]>
            </message>
            <full-stacktrace>
              <![CDATA[com.microsoft.playwright.TimeoutError: Error {
  message='Timeout 30000ms exceeded.
  name='TimeoutError
  stack='TimeoutError: Timeout 30000ms exceeded.
    at ProgressController.run (C:\Users\SHIRIS~1\AppData\Local\Temp\playwright-java-868987840816986776\package\lib\server\progress.js:68:28)
    at FrameDispatcher._runCommand (C:\Users\SHIRIS~1\AppData\Local\Temp\playwright-java-868987840816986776\package\lib\server\dispatchers\dispatcher.js:95:31)
    at DispatcherConnection.dispatch (C:\Users\SHIRIS~1\AppData\Local\Temp\playwright-java-868987840816986776\package\lib\server\dispatchers\dispatcher.js:329:39)
}
Call log:
-   - waiting for locator("#username")

at com.microsoft.playwright.impl.WaitableResult.get(WaitableResult.java:52)
at com.microsoft.playwright.impl.ChannelOwner.runUntil(ChannelOwner.java:138)
at com.microsoft.playwright.impl.Connection.sendMessage(Connection.java:131)
at com.microsoft.playwright.impl.ChannelOwner.sendMessage(ChannelOwner.java:124)
at com.microsoft.playwright.impl.FrameImpl.fill(FrameImpl.java:310)
at com.microsoft.playwright.impl.PageImpl.fill(PageImpl.java:766)
at com.microsoft.playwright.Page.fill(Page.java:4745)
at com.cro.playwright.SessionManager.createOrReuse(SessionManager.java:76)
at steps.LoginSteps.i_login_as_role(LoginSteps.java:19)
at ✽.I login as role "creator"(classpath:features/SystemConfiguration/system_configuration.feature:12)
Caused by: com.microsoft.playwright.TimeoutError: Error {
  message='Timeout 30000ms exceeded.
  name='TimeoutError
  stack='TimeoutError: Timeout 30000ms exceeded.
    at ProgressController.run (C:\Users\SHIRIS~1\AppData\Local\Temp\playwright-java-868987840816986776\package\lib\server\progress.js:68:28)
    at FrameDispatcher._runCommand (C:\Users\SHIRIS~1\AppData\Local\Temp\playwright-java-868987840816986776\package\lib\server\dispatchers\dispatcher.js:95:31)
    at DispatcherConnection.dispatch (C:\Users\SHIRIS~1\AppData\Local\Temp\playwright-java-868987840816986776\package\lib\server\dispatchers\dispatcher.js:329:39)
}
Call log:
-   - waiting for locator("#username")

at com.microsoft.playwright.impl.Connection.dispatch(Connection.java:257)
at com.microsoft.playwright.impl.Connection.processOneMessage(Connection.java:214)
at com.microsoft.playwright.impl.ChannelOwner.runUntil(ChannelOwner.java:136)
... 8 more
]]>
            </full-stacktrace>
          </exception> <!-- com.microsoft.playwright.TimeoutError -->
          <reporter-output>
          </reporter-output>
        </test-method> <!-- runScenario -->
        <test-method signature="runScenario(io.cucumber.testng.PickleWrapper,io.cucumber.testng.FeatureWrapper)[pri:0, instance:runners.RunCucumberTest@6f01b95f]" started-at="2026-02-13T18:10:27 UTC" name="runScenario" description="Runs Cucumber Scenarios" data-provider="scenarios" finished-at="2026-02-13T18:11:59 UTC" duration-ms="91778" status="FAIL">
          <params>
            <param index="0">
              <value>
                <![CDATA["User with delete role able to edit an existing country"]]>
              </value>
            </param>
            <param index="1">
              <value>
                <![CDATA["System configuration page"]]>
              </value>
            </param>
          </params>
          <exception class="com.microsoft.playwright.TimeoutError">
            <message>
              <![CDATA[Error {
  message='Timeout 30000ms exceeded.
  name='TimeoutError
  stack='TimeoutError: Timeout 30000ms exceeded.
    at ProgressController.run (C:\Users\SHIRIS~1\AppData\Local\Temp\playwright-java-868987840816986776\package\lib\server\progress.js:68:28)
    at FrameDispatcher._runCommand (C:\Users\SHIRIS~1\AppData\Local\Temp\playwright-java-868987840816986776\package\lib\server\dispatchers\dispatcher.js:95:31)
    at DispatcherConnection.dispatch (C:\Users\SHIRIS~1\AppData\Local\Temp\playwright-java-868987840816986776\package\lib\server\dispatchers\dispatcher.js:329:39)
}
Call log:
-   - waiting for locator("#username")
]]>
            </message>
            <full-stacktrace>
              <![CDATA[com.microsoft.playwright.TimeoutError: Error {
  message='Timeout 30000ms exceeded.
  name='TimeoutError
  stack='TimeoutError: Timeout 30000ms exceeded.
    at ProgressController.run (C:\Users\SHIRIS~1\AppData\Local\Temp\playwright-java-868987840816986776\package\lib\server\progress.js:68:28)
    at FrameDispatcher._runCommand (C:\Users\SHIRIS~1\AppData\Local\Temp\playwright-java-868987840816986776\package\lib\server\dispatchers\dispatcher.js:95:31)
    at DispatcherConnection.dispatch (C:\Users\SHIRIS~1\AppData\Local\Temp\playwright-java-868987840816986776\package\lib\server\dispatchers\dispatcher.js:329:39)
}
Call log:
-   - waiting for locator("#username")

at com.microsoft.playwright.impl.WaitableResult.get(WaitableResult.java:52)
at com.microsoft.playwright.impl.ChannelOwner.runUntil(ChannelOwner.java:138)
at com.microsoft.playwright.impl.Connection.sendMessage(Connection.java:131)
at com.microsoft.playwright.impl.ChannelOwner.sendMessage(ChannelOwner.java:124)
at com.microsoft.playwright.impl.FrameImpl.fill(FrameImpl.java:310)
at com.microsoft.playwright.impl.PageImpl.fill(PageImpl.java:766)
at com.microsoft.playwright.Page.fill(Page.java:4745)
at com.cro.playwright.SessionManager.createOrReuse(SessionManager.java:76)
at steps.LoginSteps.i_login_as_role(LoginSteps.java:19)
at ✽.I login as role "deletor"(classpath:features/SystemConfiguration/system_configuration.feature:33)
Caused by: com.microsoft.playwright.TimeoutError: Error {
  message='Timeout 30000ms exceeded.
  name='TimeoutError
  stack='TimeoutError: Timeout 30000ms exceeded.
    at ProgressController.run (C:\Users\SHIRIS~1\AppData\Local\Temp\playwright-java-868987840816986776\package\lib\server\progress.js:68:28)
    at FrameDispatcher._runCommand (C:\Users\SHIRIS~1\AppData\Local\Temp\playwright-java-868987840816986776\package\lib\server\dispatchers\dispatcher.js:95:31)
    at DispatcherConnection.dispatch (C:\Users\SHIRIS~1\AppData\Local\Temp\playwright-java-868987840816986776\package\lib\server\dispatchers\dispatcher.js:329:39)
}
Call log:
-   - waiting for locator("#username")

at com.microsoft.playwright.impl.Connection.dispatch(Connection.java:257)
at com.microsoft.playwright.impl.Connection.processOneMessage(Connection.java:214)
at com.microsoft.playwright.impl.ChannelOwner.runUntil(ChannelOwner.java:136)
... 8 more
]]>
            </full-stacktrace>
          </exception> <!-- com.microsoft.playwright.TimeoutError -->
          <reporter-output>
          </reporter-output>
        </test-method> <!-- runScenario -->
        <test-method signature="runScenario(io.cucumber.testng.PickleWrapper,io.cucumber.testng.FeatureWrapper)[pri:0, instance:runners.RunCucumberTest@6f01b95f]" started-at="2026-02-13T18:10:27 UTC" name="runScenario" description="Runs Cucumber Scenarios" data-provider="scenarios" finished-at="2026-02-13T18:11:13 UTC" duration-ms="45852" status="FAIL">
          <params>
            <param index="0">
              <value>
                <![CDATA["User with edit role able to edit an existing country"]]>
              </value>
            </param>
            <param index="1">
              <value>
                <![CDATA["System configuration page"]]>
              </value>
            </param>
          </params>
          <exception class="com.microsoft.playwright.TimeoutError">
            <message>
              <![CDATA[Error {
  message='Timeout 30000ms exceeded.
  name='TimeoutError
  stack='TimeoutError: Timeout 30000ms exceeded.
    at ProgressController.run (C:\Users\SHIRIS~1\AppData\Local\Temp\playwright-java-868987840816986776\package\lib\server\progress.js:68:28)
    at FrameDispatcher._runCommand (C:\Users\SHIRIS~1\AppData\Local\Temp\playwright-java-868987840816986776\package\lib\server\dispatchers\dispatcher.js:95:31)
    at DispatcherConnection.dispatch (C:\Users\SHIRIS~1\AppData\Local\Temp\playwright-java-868987840816986776\package\lib\server\dispatchers\dispatcher.js:329:39)
}
Call log:
-   - waiting for locator("#username")
]]>
            </message>
            <full-stacktrace>
              <![CDATA[com.microsoft.playwright.TimeoutError: Error {
  message='Timeout 30000ms exceeded.
  name='TimeoutError
  stack='TimeoutError: Timeout 30000ms exceeded.
    at ProgressController.run (C:\Users\SHIRIS~1\AppData\Local\Temp\playwright-java-868987840816986776\package\lib\server\progress.js:68:28)
    at FrameDispatcher._runCommand (C:\Users\SHIRIS~1\AppData\Local\Temp\playwright-java-868987840816986776\package\lib\server\dispatchers\dispatcher.js:95:31)
    at DispatcherConnection.dispatch (C:\Users\SHIRIS~1\AppData\Local\Temp\playwright-java-868987840816986776\package\lib\server\dispatchers\dispatcher.js:329:39)
}
Call log:
-   - waiting for locator("#username")

at com.microsoft.playwright.impl.WaitableResult.get(WaitableResult.java:52)
at com.microsoft.playwright.impl.ChannelOwner.runUntil(ChannelOwner.java:138)
at com.microsoft.playwright.impl.Connection.sendMessage(Connection.java:131)
at com.microsoft.playwright.impl.ChannelOwner.sendMessage(ChannelOwner.java:124)
at com.microsoft.playwright.impl.FrameImpl.fill(FrameImpl.java:310)
at com.microsoft.playwright.impl.PageImpl.fill(PageImpl.java:766)
at com.microsoft.playwright.Page.fill(Page.java:4745)
at com.cro.playwright.SessionManager.createOrReuse(SessionManager.java:76)
at steps.LoginSteps.i_login_as_role(LoginSteps.java:19)
at ✽.I login as role "editor"(classpath:features/SystemConfiguration/system_configuration.feature:23)
Caused by: com.microsoft.playwright.TimeoutError: Error {
  message='Timeout 30000ms exceeded.
  name='TimeoutError
  stack='TimeoutError: Timeout 30000ms exceeded.
    at ProgressController.run (C:\Users\SHIRIS~1\AppData\Local\Temp\playwright-java-868987840816986776\package\lib\server\progress.js:68:28)
    at FrameDispatcher._runCommand (C:\Users\SHIRIS~1\AppData\Local\Temp\playwright-java-868987840816986776\package\lib\server\dispatchers\dispatcher.js:95:31)
    at DispatcherConnection.dispatch (C:\Users\SHIRIS~1\AppData\Local\Temp\playwright-java-868987840816986776\package\lib\server\dispatchers\dispatcher.js:329:39)
}
Call log:
-   - waiting for locator("#username")

at com.microsoft.playwright.impl.Connection.dispatch(Connection.java:257)
at com.microsoft.playwright.impl.Connection.processOneMessage(Connection.java:214)
at com.microsoft.playwright.impl.ChannelOwner.runUntil(ChannelOwner.java:136)
... 8 more
]]>
            </full-stacktrace>
          </exception> <!-- com.microsoft.playwright.TimeoutError -->
          <reporter-output>
          </reporter-output>
        </test-method> <!-- runScenario -->
        <test-method signature="runScenario(io.cucumber.testng.PickleWrapper,io.cucumber.testng.FeatureWrapper)[pri:0, instance:runners.RunCucumberTest@6f01b95f]" started-at="2026-02-13T18:10:27 UTC" name="runScenario" description="Runs Cucumber Scenarios" data-provider="scenarios" finished-at="2026-02-13T18:13:35 UTC" duration-ms="187338" status="FAIL">
          <params>
            <param index="0">
              <value>
                <![CDATA["User with view role able to edit an existing country"]]>
              </value>
            </param>
            <param index="1">
              <value>
                <![CDATA["System configuration page"]]>
              </value>
            </param>
          </params>
          <exception class="com.microsoft.playwright.TimeoutError">
            <message>
              <![CDATA[Error {
  message='Timeout 30000ms exceeded.
  name='TimeoutError
  stack='TimeoutError: Timeout 30000ms exceeded.
    at ProgressController.run (C:\Users\SHIRIS~1\AppData\Local\Temp\playwright-java-868987840816986776\package\lib\server\progress.js:68:28)
    at FrameDispatcher._runCommand (C:\Users\SHIRIS~1\AppData\Local\Temp\playwright-java-868987840816986776\package\lib\server\dispatchers\dispatcher.js:95:31)
    at DispatcherConnection.dispatch (C:\Users\SHIRIS~1\AppData\Local\Temp\playwright-java-868987840816986776\package\lib\server\dispatchers\dispatcher.js:329:39)
}
Call log:
-   - waiting for locator("#username")
]]>
            </message>
            <full-stacktrace>
              <![CDATA[com.microsoft.playwright.TimeoutError: Error {
  message='Timeout 30000ms exceeded.
  name='TimeoutError
  stack='TimeoutError: Timeout 30000ms exceeded.
    at ProgressController.run (C:\Users\SHIRIS~1\AppData\Local\Temp\playwright-java-868987840816986776\package\lib\server\progress.js:68:28)
    at FrameDispatcher._runCommand (C:\Users\SHIRIS~1\AppData\Local\Temp\playwright-java-868987840816986776\package\lib\server\dispatchers\dispatcher.js:95:31)
    at DispatcherConnection.dispatch (C:\Users\SHIRIS~1\AppData\Local\Temp\playwright-java-868987840816986776\package\lib\server\dispatchers\dispatcher.js:329:39)
}
Call log:
-   - waiting for locator("#username")

at com.microsoft.playwright.impl.WaitableResult.get(WaitableResult.java:52)
at com.microsoft.playwright.impl.ChannelOwner.runUntil(ChannelOwner.java:138)
at com.microsoft.playwright.impl.Connection.sendMessage(Connection.java:131)
at com.microsoft.playwright.impl.ChannelOwner.sendMessage(ChannelOwner.java:124)
at com.microsoft.playwright.impl.FrameImpl.fill(FrameImpl.java:310)
at com.microsoft.playwright.impl.PageImpl.fill(PageImpl.java:766)
at com.microsoft.playwright.Page.fill(Page.java:4745)
at com.cro.playwright.SessionManager.createOrReuse(SessionManager.java:76)
at steps.LoginSteps.i_login_as_role(LoginSteps.java:19)
at ✽.I login as role "viewer"(classpath:features/SystemConfiguration/system_configuration.feature:44)
Caused by: com.microsoft.playwright.TimeoutError: Error {
  message='Timeout 30000ms exceeded.
  name='TimeoutError
  stack='TimeoutError: Timeout 30000ms exceeded.
    at ProgressController.run (C:\Users\SHIRIS~1\AppData\Local\Temp\playwright-java-868987840816986776\package\lib\server\progress.js:68:28)
    at FrameDispatcher._runCommand (C:\Users\SHIRIS~1\AppData\Local\Temp\playwright-java-868987840816986776\package\lib\server\dispatchers\dispatcher.js:95:31)
    at DispatcherConnection.dispatch (C:\Users\SHIRIS~1\AppData\Local\Temp\playwright-java-868987840816986776\package\lib\server\dispatchers\dispatcher.js:329:39)
}
Call log:
-   - waiting for locator("#username")

at com.microsoft.playwright.impl.Connection.dispatch(Connection.java:257)
at com.microsoft.playwright.impl.Connection.processOneMessage(Connection.java:214)
at com.microsoft.playwright.impl.ChannelOwner.runUntil(ChannelOwner.java:136)
... 8 more
]]>
            </full-stacktrace>
          </exception> <!-- com.microsoft.playwright.TimeoutError -->
          <reporter-output>
          </reporter-output>
        </test-method> <!-- runScenario -->
        <test-method is-config="true" signature="tearDownClass()[pri:0, instance:runners.RunCucumberTest@6f01b95f]" started-at="2026-02-13T18:13:35 UTC" name="tearDownClass" finished-at="2026-02-13T18:13:37 UTC" duration-ms="2517" status="PASS">
          <reporter-output>
          </reporter-output>
        </test-method> <!-- tearDownClass -->
      </class> <!-- runners.RunCucumberTest -->
    </test> <!-- Surefire test -->
  </suite> <!-- Surefire suite -->
</testng-results>
