<?xml version="1.0" encoding="UTF-8"?>
<testng-results ignored="0" total="0" passed="0" failed="0" skipped="0">
  <reporter-output>
  </reporter-output>
  <suite started-at="2026-02-13T12:36:01 UTC" name="Surefire suite" finished-at="2026-02-13T12:36:02 UTC" duration-ms="1080">
    <groups>
      <group name="cucumber">
        <method signature="AbstractTestNGCucumberTests.runScenario(io.cucumber.testng.PickleWrapper,io.cucumber.testng.FeatureWrapper)[pri:0, instance:runners.RunCucumberTest@6f01b95f]" name="runScenario" class="io.cucumber.testng.AbstractTestNGCucumberTests"/>
      </group> <!-- cucumber -->
    </groups>
    <test started-at="2026-02-13T12:36:01 UTC" name="Surefire test" finished-at="2026-02-13T12:36:02 UTC" duration-ms="1080">
      <class name="runners.RunCucumberTest">
        <test-method is-config="true" signature="setUpClass(org.testng.ITestContext)[pri:0, instance:runners.RunCucumberTest@6f01b95f]" started-at="2026-02-13T12:36:01 UTC" name="setUpClass" finished-at="2026-02-13T12:36:02 UTC" duration-ms="1026" status="FAIL">
          <params>
            <param index="0">
              <value>
                <![CDATA[org.testng.TestRunner@3a60c416]]>
              </value>
            </param>
          </params>
          <exception class="java.lang.RuntimeException">
            <message>
              <![CDATA[Missing property: browser]]>
            </message>
            <full-stacktrace>
              <![CDATA[java.lang.RuntimeException: Missing property: browser
at com.cro.config.PropertiesLoader.get(PropertiesLoader.java:54)
at com.cro.config.PropertiesLoader.getBrowser(PropertiesLoader.java:59)
at com.cro.hooks.GlobalHooks.beforeAll(GlobalHooks.java:13)
]]>
            </full-stacktrace>
          </exception> <!-- java.lang.RuntimeException -->
          <reporter-output>
          </reporter-output>
        </test-method> <!-- setUpClass -->
        <test-method is-config="true" signature="tearDownClass()[pri:0, instance:runners.RunCucumberTest@6f01b95f]" started-at="2026-02-13T12:36:02 UTC" name="tearDownClass" finished-at="2026-02-13T12:36:02 UTC" duration-ms="1" status="PASS">
          <reporter-output>
          </reporter-output>
        </test-method> <!-- tearDownClass -->
      </class> <!-- runners.RunCucumberTest -->
    </test> <!-- Surefire test -->
  </suite> <!-- Surefire suite -->
</testng-results>
