<?xml version="1.0" encoding="UTF-8"?>
<!-- Generated by org.testng.reporters.JUnitReportReporter -->
<testsuite hostname="SITERO-HCBWMZ3" failures="0" tests="1" name="runners.RunCucumberTest" time="1.026" errors="1" timestamp="2026-02-13T12:36:02 UTC" skipped="0">
  <testcase classname="runners.RunCucumberTest" name="setUpClass" time="1.026">
    <error message="Missing property: browser" type="java.lang.RuntimeException">
      <![CDATA[java.lang.RuntimeException: Missing property: browser
at com.cro.config.PropertiesLoader.get(PropertiesLoader.java:54)
at com.cro.config.PropertiesLoader.getBrowser(PropertiesLoader.java:59)
at com.cro.hooks.GlobalHooks.beforeAll(GlobalHooks.java:13)
]]>
    </error>
  </testcase> <!-- setUpClass -->
</testsuite> <!-- runners.RunCucumberTest -->
